Started GET "/" for 127.0.0.1 at 2023-03-29 21:11:10 +0300
  [1m[35m (16.4ms)[0m  [1m[35mCREATE TABLE "schema_migrations" ("version" varchar NOT NULL PRIMARY KEY)[0m
  [1m[35m (9.6ms)[0m  [1m[35mCREATE TABLE "ar_internal_metadata" ("key" varchar NOT NULL PRIMARY KEY, "value" varchar, "created_at" datetime(6) NOT NULL, "updated_at" datetime(6) NOT NULL)[0m
  [1m[36mActiveRecord::SchemaMigration Pluck (0.2ms)[0m  [1m[34mSELECT "schema_migrations"."version" FROM "schema_migrations" ORDER BY "schema_migrations"."version" ASC[0m
  
ActiveRecord::PendingMigrationError (

Migrations are pending. To resolve this issue, run:

        bin/rails db:migrate RAILS_ENV=development

You have 12 pending migrations:

20230113093352_create_posts.rb
20230116153412_create_comments.rb
20230118151121_add_post_id_to_comment.rb
20230121161509_devise_create_users.rb
20230121161932_add_name_to_user.rb
20230122172943_add_user_id_to_post.rb
20230129082224_create_active_storage_tables.active_storage.rb
20230201142030_add_user_id_to_comment.rb
20230205084422_create_likes.rb
20230205085522_add_post_id_to_likes.rb
20230224113544_create_follows.rb
20230224120234_change_names_of_follows_table.rb


):
  
activerecord (7.0.4) lib/active_record/migration.rb:627:in `check_pending!'
activerecord (7.0.4) lib/active_record/migration.rb:592:in `block (2 levels) in call'
activesupport (7.0.4) lib/active_support/file_update_checker.rb:83:in `execute'
activerecord (7.0.4) lib/active_record/migration.rb:597:in `block in call'
activerecord (7.0.4) lib/active_record/migration.rb:589:in `synchronize'
activerecord (7.0.4) lib/active_record/migration.rb:589:in `call'
actionpack (7.0.4) lib/action_dispatch/middleware/callbacks.rb:27:in `block in call'
activesupport (7.0.4) lib/active_support/callbacks.rb:99:in `run_callbacks'
actionpack (7.0.4) lib/action_dispatch/middleware/callbacks.rb:26:in `call'
actionpack (7.0.4) lib/action_dispatch/middleware/executor.rb:14:in `call'
actionpack (7.0.4) lib/action_dispatch/middleware/actionable_exceptions.rb:17:in `call'
actionpack (7.0.4) lib/action_dispatch/middleware/debug_exceptions.rb:28:in `call'
web-console (4.2.0) lib/web_console/middleware.rb:132:in `call_app'
web-console (4.2.0) lib/web_console/middleware.rb:28:in `block in call'
web-console (4.2.0) lib/web_console/middleware.rb:17:in `catch'
web-console (4.2.0) lib/web_console/middleware.rb:17:in `call'
actionpack (7.0.4) lib/action_dispatch/middleware/show_exceptions.rb:26:in `call'
railties (7.0.4) lib/rails/rack/logger.rb:40:in `call_app'
railties (7.0.4) lib/rails/rack/logger.rb:25:in `block in call'
activesupport (7.0.4) lib/active_support/tagged_logging.rb:99:in `block in tagged'
activesupport (7.0.4) lib/active_support/tagged_logging.rb:37:in `tagged'
activesupport (7.0.4) lib/active_support/tagged_logging.rb:99:in `tagged'
railties (7.0.4) lib/rails/rack/logger.rb:25:in `call'
sprockets-rails (3.4.2) lib/sprockets/rails/quiet_assets.rb:13:in `call'
actionpack (7.0.4) lib/action_dispatch/middleware/remote_ip.rb:93:in `call'
actionpack (7.0.4) lib/action_dispatch/middleware/request_id.rb:26:in `call'
rack (2.2.5) lib/rack/method_override.rb:24:in `call'
rack (2.2.5) lib/rack/runtime.rb:22:in `call'
activesupport (7.0.4) lib/active_support/cache/strategy/local_cache_middleware.rb:29:in `call'
actionpack (7.0.4) lib/action_dispatch/middleware/server_timing.rb:61:in `block in call'
actionpack (7.0.4) lib/action_dispatch/middleware/server_timing.rb:26:in `collect_events'
actionpack (7.0.4) lib/action_dispatch/middleware/server_timing.rb:60:in `call'
actionpack (7.0.4) lib/action_dispatch/middleware/executor.rb:14:in `call'
actionpack (7.0.4) lib/action_dispatch/middleware/static.rb:23:in `call'
rack (2.2.5) lib/rack/sendfile.rb:110:in `call'
actionpack (7.0.4) lib/action_dispatch/middleware/host_authorization.rb:137:in `call'
webpacker (5.4.4) lib/webpacker/dev_server_proxy.rb:25:in `perform_request'
rack-proxy (0.7.6) lib/rack/proxy.rb:87:in `call'
railties (7.0.4) lib/rails/engine.rb:530:in `call'
puma (5.6.5) lib/puma/configuration.rb:252:in `call'
puma (5.6.5) lib/puma/request.rb:77:in `block in handle_request'
puma (5.6.5) lib/puma/thread_pool.rb:340:in `with_force_shutdown'
puma (5.6.5) lib/puma/request.rb:76:in `handle_request'
puma (5.6.5) lib/puma/server.rb:443:in `process_client'
puma (5.6.5) lib/puma/thread_pool.rb:147:in `block in spawn_thread'
  [1m[36mActiveRecord::SchemaMigration Pluck (0.1ms)[0m  [1m[34mSELECT "schema_migrations"."version" FROM "schema_migrations" ORDER BY "schema_migrations"."version" ASC[0m
Migrating to CreatePosts (20230113093352)
  [1m[36mTRANSACTION (0.1ms)[0m  [1m[36mbegin transaction[0m
  [1m[35m (0.6ms)[0m  [1m[35mCREATE TABLE "posts" ("id" integer PRIMARY KEY AUTOINCREMENT NOT NULL, "title" varchar, "author" varchar, "body" varchar, "created_at" datetime(6) NOT NULL, "updated_at" datetime(6) NOT NULL)[0m
  [1m[36mActiveRecord::SchemaMigration Create (0.3ms)[0m  [1m[32mINSERT INTO "schema_migrations" ("version") VALUES (?)[0m  [["version", "20230113093352"]]
  [1m[36mTRANSACTION (16.8ms)[0m  [1m[36mcommit transaction[0m
Migrating to CreateComments (20230116153412)
  [1m[36mTRANSACTION (0.1ms)[0m  [1m[36mbegin transaction[0m
  [1m[35m (0.4ms)[0m  [1m[35mCREATE TABLE "comments" ("id" integer PRIMARY KEY AUTOINCREMENT NOT NULL, "author" varchar, "body" varchar, "created_at" datetime(6) NOT NULL, "updated_at" datetime(6) NOT NULL)[0m
  [1m[36mActiveRecord::SchemaMigration Create (0.1ms)[0m  [1m[32mINSERT INTO "schema_migrations" ("version") VALUES (?)[0m  [["version", "20230116153412"]]
  [1m[36mTRANSACTION (6.6ms)[0m  [1m[36mcommit transaction[0m
Migrating to AddPostIdToComment (20230118151121)
  [1m[36mTRANSACTION (0.1ms)[0m  [1m[36mbegin transaction[0m
  [1m[35m (0.3ms)[0m  [1m[35mALTER TABLE "comments" ADD "post_id" integer[0m
  [1m[36mActiveRecord::SchemaMigration Create (0.1ms)[0m  [1m[32mINSERT INTO "schema_migrations" ("version") VALUES (?)[0m  [["version", "20230118151121"]]
  [1m[36mTRANSACTION (12.1ms)[0m  [1m[36mcommit transaction[0m
Migrating to DeviseCreateUsers (20230121161509)
  [1m[36mTRANSACTION (0.1ms)[0m  [1m[36mbegin transaction[0m
  [1m[35m (0.2ms)[0m  [1m[35mCREATE TABLE "users" ("id" integer PRIMARY KEY AUTOINCREMENT NOT NULL, "email" varchar DEFAULT '' NOT NULL, "encrypted_password" varchar DEFAULT '' NOT NULL, "reset_password_token" varchar, "reset_password_sent_at" datetime(6), "remember_created_at" datetime(6), "created_at" datetime(6) NOT NULL, "updated_at" datetime(6) NOT NULL)[0m
  [1m[35m (0.1ms)[0m  [1m[35mCREATE UNIQUE INDEX "index_users_on_email" ON "users" ("email")[0m
  [1m[35m (0.2ms)[0m  [1m[35mCREATE UNIQUE INDEX "index_users_on_reset_password_token" ON "users" ("reset_password_token")[0m
  [1m[36mActiveRecord::SchemaMigration Create (0.1ms)[0m  [1m[32mINSERT INTO "schema_migrations" ("version") VALUES (?)[0m  [["version", "20230121161509"]]
  [1m[36mTRANSACTION (8.0ms)[0m  [1m[36mcommit transaction[0m
Migrating to AddNameToUser (20230121161932)
  [1m[36mTRANSACTION (0.1ms)[0m  [1m[36mbegin transaction[0m
  [1m[35m (1.0ms)[0m  [1m[35mALTER TABLE "users" ADD "name" varchar[0m
  [1m[36mActiveRecord::SchemaMigration Create (0.2ms)[0m  [1m[32mINSERT INTO "schema_migrations" ("version") VALUES (?)[0m  [["version", "20230121161932"]]
  [1m[36mTRANSACTION (6.4ms)[0m  [1m[36mcommit transaction[0m
Migrating to AddUserIdToPost (20230122172943)
  [1m[36mTRANSACTION (0.0ms)[0m  [1m[36mbegin transaction[0m
  [1m[35m (0.4ms)[0m  [1m[35mALTER TABLE "posts" ADD "user_id" int[0m
  [1m[36mActiveRecord::SchemaMigration Create (0.1ms)[0m  [1m[32mINSERT INTO "schema_migrations" ("version") VALUES (?)[0m  [["version", "20230122172943"]]
  [1m[36mTRANSACTION (4.7ms)[0m  [1m[36mcommit transaction[0m
Migrating to CreateActiveStorageTables (20230129082224)
  [1m[36mTRANSACTION (0.1ms)[0m  [1m[36mbegin transaction[0m
  [1m[35m (0.5ms)[0m  [1m[35mCREATE TABLE "active_storage_blobs" ("id" integer PRIMARY KEY AUTOINCREMENT NOT NULL, "key" varchar NOT NULL, "filename" varchar NOT NULL, "content_type" varchar, "metadata" text, "service_name" varchar NOT NULL, "byte_size" bigint NOT NULL, "checksum" varchar, "created_at" datetime(6) NOT NULL)[0m
  [1m[35m (0.1ms)[0m  [1m[35mCREATE UNIQUE INDEX "index_active_storage_blobs_on_key" ON "active_storage_blobs" ("key")[0m
  [1m[35m (1.3ms)[0m  [1m[35mCREATE TABLE "active_storage_attachments" ("id" integer PRIMARY KEY AUTOINCREMENT NOT NULL, "name" varchar NOT NULL, "record_type" varchar NOT NULL, "record_id" bigint NOT NULL, "blob_id" bigint NOT NULL, "created_at" datetime(6) NOT NULL, CONSTRAINT "fk_rails_c3b3935057"
FOREIGN KEY ("blob_id")
  REFERENCES "active_storage_blobs" ("id")
)[0m
  [1m[35m (0.4ms)[0m  [1m[35mCREATE INDEX "index_active_storage_attachments_on_blob_id" ON "active_storage_attachments" ("blob_id")[0m
  [1m[35m (0.1ms)[0m  [1m[35mCREATE UNIQUE INDEX "index_active_storage_attachments_uniqueness" ON "active_storage_attachments" ("record_type", "record_id", "name", "blob_id")[0m
  [1m[35m (0.1ms)[0m  [1m[35mCREATE TABLE "active_storage_variant_records" ("id" integer PRIMARY KEY AUTOINCREMENT NOT NULL, "blob_id" bigint NOT NULL, "variation_digest" varchar NOT NULL, CONSTRAINT "fk_rails_993965df05"
FOREIGN KEY ("blob_id")
  REFERENCES "active_storage_blobs" ("id")
)[0m
  [1m[35m (0.1ms)[0m  [1m[35mCREATE UNIQUE INDEX "index_active_storage_variant_records_uniqueness" ON "active_storage_variant_records" ("blob_id", "variation_digest")[0m
  [1m[36mActiveRecord::SchemaMigration Create (0.1ms)[0m  [1m[32mINSERT INTO "schema_migrations" ("version") VALUES (?)[0m  [["version", "20230129082224"]]
  [1m[36mTRANSACTION (6.6ms)[0m  [1m[36mcommit transaction[0m
Migrating to AddUserIdToComment (20230201142030)
  [1m[36mTRANSACTION (0.1ms)[0m  [1m[36mbegin transaction[0m
  [1m[35m (1.1ms)[0m  [1m[35mALTER TABLE "comments" ADD "user_id" int[0m
  [1m[36mActiveRecord::SchemaMigration Create (0.2ms)[0m  [1m[32mINSERT INTO "schema_migrations" ("version") VALUES (?)[0m  [["version", "20230201142030"]]
  [1m[36mTRANSACTION (5.7ms)[0m  [1m[36mcommit transaction[0m
Migrating to CreateLikes (20230205084422)
  [1m[36mTRANSACTION (0.0ms)[0m  [1m[36mbegin transaction[0m
  [1m[35m (0.2ms)[0m  [1m[35mCREATE TABLE "likes" ("id" integer PRIMARY KEY AUTOINCREMENT NOT NULL, "created_at" datetime(6) NOT NULL, "updated_at" datetime(6) NOT NULL)[0m
  [1m[36mActiveRecord::SchemaMigration Create (0.1ms)[0m  [1m[32mINSERT INTO "schema_migrations" ("version") VALUES (?)[0m  [["version", "20230205084422"]]
  [1m[36mTRANSACTION (6.4ms)[0m  [1m[36mcommit transaction[0m
Migrating to AddPostIdToLikes (20230205085522)
  [1m[36mTRANSACTION (0.1ms)[0m  [1m[36mbegin transaction[0m
  [1m[35m (0.5ms)[0m  [1m[35mALTER TABLE "likes" ADD "post_id" int[0m
  [1m[35m (0.3ms)[0m  [1m[35mALTER TABLE "likes" ADD "user_id" int[0m
  [1m[36mActiveRecord::SchemaMigration Create (0.1ms)[0m  [1m[32mINSERT INTO "schema_migrations" ("version") VALUES (?)[0m  [["version", "20230205085522"]]
  [1m[36mTRANSACTION (8.2ms)[0m  [1m[36mcommit transaction[0m
Migrating to CreateFollows (20230224113544)
  [1m[36mTRANSACTION (0.1ms)[0m  [1m[36mbegin transaction[0m
  [1m[35m (0.2ms)[0m  [1m[35mCREATE TABLE "follows" ("id" integer PRIMARY KEY AUTOINCREMENT NOT NULL, "follower_id" integer, "followed_user_id" integer, "created_at" datetime(6) NOT NULL, "updated_at" datetime(6) NOT NULL)[0m
  [1m[36mActiveRecord::SchemaMigration Create (0.1ms)[0m  [1m[32mINSERT INTO "schema_migrations" ("version") VALUES (?)[0m  [["version", "20230224113544"]]
  [1m[36mTRANSACTION (11.2ms)[0m  [1m[36mcommit transaction[0m
Migrating to ChangeNamesOfFollowsTable (20230224120234)
  [1m[36mTRANSACTION (0.1ms)[0m  [1m[36mbegin transaction[0m
  [1m[35m (0.0ms)[0m  [1m[35mPRAGMA foreign_keys[0m
  [1m[35m (0.0ms)[0m  [1m[35mPRAGMA defer_foreign_keys[0m
  [1m[35m (0.0ms)[0m  [1m[35mPRAGMA defer_foreign_keys = ON[0m
  [1m[35m (0.0ms)[0m  [1m[35mPRAGMA foreign_keys = OFF[0m
  [1m[35m (0.1ms)[0m  [1m[35mCREATE TEMPORARY TABLE "afollows" ("id" integer NOT NULL PRIMARY KEY, "follower_id" integer DEFAULT NULL, "followee_id" integer DEFAULT NULL, "created_at" datetime(6) NOT NULL, "updated_at" datetime(6) NOT NULL)[0m
  [1m[35m (0.1ms)[0m  [1m[32mINSERT INTO "afollows" ("id","follower_id","followee_id","created_at","updated_at")
                     SELECT "id","follower_id","followed_user_id","created_at","updated_at" FROM "follows"[0m
  [1m[35m (2.0ms)[0m  [1m[35mDROP TABLE "follows"[0m
  [1m[35m (0.1ms)[0m  [1m[35mCREATE TABLE "follows" ("id" integer NOT NULL PRIMARY KEY, "follower_id" integer DEFAULT NULL, "followee_id" integer DEFAULT NULL, "created_at" datetime(6) NOT NULL, "updated_at" datetime(6) NOT NULL)[0m
  [1m[35m (0.1ms)[0m  [1m[32mINSERT INTO "follows" ("id","follower_id","followee_id","created_at","updated_at")
                     SELECT "id","follower_id","followee_id","created_at","updated_at" FROM "afollows"[0m
  [1m[35m (0.2ms)[0m  [1m[35mDROP TABLE "afollows"[0m
  [1m[35m (0.0ms)[0m  [1m[35mPRAGMA defer_foreign_keys = 0[0m
  [1m[35m (0.0ms)[0m  [1m[35mPRAGMA foreign_keys = 1[0m
  [1m[36mActiveRecord::SchemaMigration Create (0.1ms)[0m  [1m[32mINSERT INTO "schema_migrations" ("version") VALUES (?)[0m  [["version", "20230224120234"]]
  [1m[36mTRANSACTION (5.3ms)[0m  [1m[36mcommit transaction[0m
  [1m[36mActiveRecord::InternalMetadata Load (0.1ms)[0m  [1m[34mSELECT "ar_internal_metadata".* FROM "ar_internal_metadata" WHERE "ar_internal_metadata"."key" = ? LIMIT ?[0m  [["key", "environment"], ["LIMIT", 1]]
  [1m[36mTRANSACTION (0.1ms)[0m  [1m[36mbegin transaction[0m
  [1m[36mActiveRecord::InternalMetadata Create (0.2ms)[0m  [1m[32mINSERT INTO "ar_internal_metadata" ("key", "value", "created_at", "updated_at") VALUES (?, ?, ?, ?)[0m  [["key", "environment"], ["value", "development"], ["created_at", "2023-03-29 18:11:25.648799"], ["updated_at", "2023-03-29 18:11:25.648799"]]
  [1m[36mTRANSACTION (6.2ms)[0m  [1m[36mcommit transaction[0m
  [1m[36mActiveRecord::SchemaMigration Pluck (0.1ms)[0m  [1m[34mSELECT "schema_migrations"."version" FROM "schema_migrations" ORDER BY "schema_migrations"."version" ASC[0m
Started GET "/" for 127.0.0.1 at 2023-03-29 21:11:31 +0300
  [1m[36mActiveRecord::SchemaMigration Pluck (0.2ms)[0m  [1m[34mSELECT "schema_migrations"."version" FROM "schema_migrations" ORDER BY "schema_migrations"."version" ASC[0m
Processing by PostsController#index as HTML
Completed 401 Unauthorized in 367ms (ActiveRecord: 0.0ms | Allocations: 6239)


Started GET "/users/sign_in" for 127.0.0.1 at 2023-03-29 21:11:33 +0300
Processing by Devise::SessionsController#new as HTML
  Rendering layout layouts/application.html.erb
  Rendering devise/sessions/new.html.erb within layouts/application
  Rendered devise/shared/_links.html.erb (Duration: 2.0ms | Allocations: 1006)
  Rendered devise/sessions/new.html.erb within layouts/application (Duration: 50.7ms | Allocations: 5680)
  Rendered layout layouts/application.html.erb (Duration: 8829.3ms | Allocations: 150502)
Completed 200 OK in 8869ms (Views: 8835.5ms | ActiveRecord: 0.6ms | Allocations: 172858)


Started GET "/" for 127.0.0.1 at 2023-03-29 21:11:47 +0300
Processing by PostsController#index as HTML
Completed 401 Unauthorized in 1ms (ActiveRecord: 0.0ms | Allocations: 340)


Started GET "/users/sign_in" for 127.0.0.1 at 2023-03-29 21:11:47 +0300
Processing by Devise::SessionsController#new as HTML
  Rendering layout layouts/application.html.erb
  Rendering devise/sessions/new.html.erb within layouts/application
  Rendered devise/shared/_links.html.erb (Duration: 0.2ms | Allocations: 138)
  Rendered devise/sessions/new.html.erb within layouts/application (Duration: 4.0ms | Allocations: 1271)
  Rendered layout layouts/application.html.erb (Duration: 10.8ms | Allocations: 4088)
Completed 200 OK in 16ms (Views: 14.2ms | ActiveRecord: 0.0ms | Allocations: 4855)


Started GET "/users/sign_in" for 127.0.0.1 at 2023-03-29 21:12:14 +0300
Processing by Devise::SessionsController#new as HTML
  Rendering layout layouts/application.html.erb
  Rendering devise/sessions/new.html.erb within layouts/application
  Rendered devise/shared/_links.html.erb (Duration: 0.3ms | Allocations: 138)
  Rendered devise/sessions/new.html.erb within layouts/application (Duration: 4.9ms | Allocations: 1253)
  Rendered layout layouts/application.html.erb (Duration: 20.4ms | Allocations: 4062)
Completed 200 OK in 22ms (Views: 21.1ms | ActiveRecord: 0.0ms | Allocations: 4769)


Started POST "/users/sign_in" for 127.0.0.1 at 2023-03-29 21:12:29 +0300
Processing by Devise::SessionsController#create as TURBO_STREAM
  Parameters: {"authenticity_token"=>"[FILTERED]", "user"=>{"email"=>"oleg@mail.ru", "password"=>"[FILTERED]", "remember_me"=>"1"}, "commit"=>"Log in"}
  [1m[36mUser Load (0.2ms)[0m  [1m[34mSELECT "users".* FROM "users" WHERE "users"."email" = ? ORDER BY "users"."id" ASC LIMIT ?[0m  [["email", "oleg@mail.ru"], ["LIMIT", 1]]
Completed 401 Unauthorized in 19ms (ActiveRecord: 0.2ms | Allocations: 4076)


Started POST "/users/sign_in" for 127.0.0.1 at 2023-03-29 21:12:40 +0300
Processing by Devise::SessionsController#create as TURBO_STREAM
  Parameters: {"authenticity_token"=>"[FILTERED]", "user"=>{"email"=>"oleg@mail.ru", "password"=>"[FILTERED]", "remember_me"=>"1"}, "commit"=>"Log in"}
  [1m[36mUser Load (0.1ms)[0m  [1m[34mSELECT "users".* FROM "users" WHERE "users"."email" = ? ORDER BY "users"."id" ASC LIMIT ?[0m  [["email", "oleg@mail.ru"], ["LIMIT", 1]]
Completed 401 Unauthorized in 9ms (ActiveRecord: 0.1ms | Allocations: 1538)


Started POST "/users/sign_in" for 127.0.0.1 at 2023-03-29 21:12:43 +0300
Processing by Devise::SessionsController#create as TURBO_STREAM
  Parameters: {"authenticity_token"=>"[FILTERED]", "user"=>{"email"=>"oleg@mail.ru", "password"=>"[FILTERED]", "remember_me"=>"1"}, "commit"=>"Log in"}
  [1m[36mUser Load (0.1ms)[0m  [1m[34mSELECT "users".* FROM "users" WHERE "users"."email" = ? ORDER BY "users"."id" ASC LIMIT ?[0m  [["email", "oleg@mail.ru"], ["LIMIT", 1]]
Completed 401 Unauthorized in 9ms (ActiveRecord: 0.1ms | Allocations: 1380)


Started POST "/users/sign_in" for 127.0.0.1 at 2023-03-29 21:12:50 +0300
Processing by Devise::SessionsController#create as TURBO_STREAM
  Parameters: {"authenticity_token"=>"[FILTERED]", "user"=>{"email"=>"user1@mail.ru", "password"=>"[FILTERED]", "remember_me"=>"1"}, "commit"=>"Log in"}
  [1m[36mUser Load (0.1ms)[0m  [1m[34mSELECT "users".* FROM "users" WHERE "users"."email" = ? ORDER BY "users"."id" ASC LIMIT ?[0m  [["email", "user1@mail.ru"], ["LIMIT", 1]]
Completed 401 Unauthorized in 5ms (ActiveRecord: 0.1ms | Allocations: 1366)


Started POST "/users/sign_in" for 127.0.0.1 at 2023-03-29 21:12:55 +0300
Processing by Devise::SessionsController#create as TURBO_STREAM
  Parameters: {"authenticity_token"=>"[FILTERED]", "user"=>{"email"=>"user1@mail.ru", "password"=>"[FILTERED]", "remember_me"=>"1"}, "commit"=>"Log in"}
  [1m[36mUser Load (0.1ms)[0m  [1m[34mSELECT "users".* FROM "users" WHERE "users"."email" = ? ORDER BY "users"."id" ASC LIMIT ?[0m  [["email", "user1@mail.ru"], ["LIMIT", 1]]
Completed 401 Unauthorized in 5ms (ActiveRecord: 0.1ms | Allocations: 1382)


Started GET "/users/sign_up" for 127.0.0.1 at 2023-03-29 21:14:08 +0300
Processing by Devise::RegistrationsController#new as HTML
  Rendering layout layouts/application.html.erb
  Rendering devise/registrations/new.html.erb within layouts/application
  Rendered devise/shared/_error_messages.html.erb (Duration: 1.4ms | Allocations: 258)
  Rendered devise/shared/_links.html.erb (Duration: 0.4ms | Allocations: 285)
  Rendered devise/registrations/new.html.erb within layouts/application (Duration: 80.0ms | Allocations: 3303)
  Rendered layout layouts/application.html.erb (Duration: 89.5ms | Allocations: 6328)
Completed 200 OK in 100ms (Views: 99.2ms | ActiveRecord: 0.0ms | Allocations: 7874)


Started POST "/users" for 127.0.0.1 at 2023-03-29 21:14:25 +0300
Processing by Devise::RegistrationsController#create as TURBO_STREAM
  Parameters: {"authenticity_token"=>"[FILTERED]", "user"=>{"email"=>"user1@mail.ru", "name"=>"User1", "password"=>"[FILTERED]", "password_confirmation"=>"[FILTERED]"}, "commit"=>"Sign up"}
[31mUnpermitted parameter: :password_confirmation. Context: { controller: Devise::RegistrationsController, action: create, request: #<ActionDispatch::Request:0x00007f02100950d8>, params: {"authenticity_token"=>"[FILTERED]", "user"=>{"email"=>"user1@mail.ru", "name"=>"User1", "password"=>"[FILTERED]", "password_confirmation"=>"[FILTERED]"}, "commit"=>"Sign up", "controller"=>"devise/registrations", "action"=>"create"} }[0m
  [1m[36mTRANSACTION (0.1ms)[0m  [1m[36mbegin transaction[0m
  [1m[36mUser Exists? (1.2ms)[0m  [1m[34mSELECT 1 AS one FROM "users" WHERE "users"."email" = ? LIMIT ?[0m  [["email", "user1@mail.ru"], ["LIMIT", 1]]
  [1m[36mUser Exists? (0.1ms)[0m  [1m[34mSELECT 1 AS one FROM "users" WHERE LOWER("users"."email") = LOWER(?) LIMIT ?[0m  [["email", "user1@mail.ru"], ["LIMIT", 1]]
  [1m[36mUser Exists? (0.1ms)[0m  [1m[34mSELECT 1 AS one FROM "users" WHERE "users"."name" = ? LIMIT ?[0m  [["name", "User1"], ["LIMIT", 1]]
  [1m[36mTRANSACTION (0.1ms)[0m  [1m[31mrollback transaction[0m
  Rendering layout layouts/application.html.erb
  Rendering devise/registrations/new.html.erb within layouts/application
  Rendered devise/shared/_error_messages.html.erb (Duration: 1.2ms | Allocations: 631)
  Rendered devise/shared/_links.html.erb (Duration: 0.2ms | Allocations: 97)
  Rendered devise/registrations/new.html.erb within layouts/application (Duration: 9.7ms | Allocations: 2597)
  Rendered layout layouts/application.html.erb (Duration: 15.5ms | Allocations: 5638)
Completed 200 OK in 956ms (Views: 20.6ms | ActiveRecord: 1.7ms | Allocations: 24725)


Started POST "/users" for 127.0.0.1 at 2023-03-29 21:14:57 +0300
Processing by Devise::RegistrationsController#create as TURBO_STREAM
  Parameters: {"authenticity_token"=>"[FILTERED]", "user"=>{"email"=>"user1@mail.ru", "name"=>"User1", "password"=>"[FILTERED]", "password_confirmation"=>"[FILTERED]"}, "commit"=>"Sign up"}
[31mUnpermitted parameter: :password_confirmation. Context: { controller: Devise::RegistrationsController, action: create, request: #<ActionDispatch::Request:0x00007f01fc178068>, params: {"authenticity_token"=>"[FILTERED]", "user"=>{"email"=>"user1@mail.ru", "name"=>"User1", "password"=>"[FILTERED]", "password_confirmation"=>"[FILTERED]"}, "commit"=>"Sign up", "controller"=>"devise/registrations", "action"=>"create"} }[0m
  [1m[36mTRANSACTION (0.1ms)[0m  [1m[36mbegin transaction[0m
  [1m[36mUser Exists? (0.2ms)[0m  [1m[34mSELECT 1 AS one FROM "users" WHERE "users"."email" = ? LIMIT ?[0m  [["email", "user1@mail.ru"], ["LIMIT", 1]]
  [1m[36mUser Exists? (0.1ms)[0m  [1m[34mSELECT 1 AS one FROM "users" WHERE LOWER("users"."email") = LOWER(?) LIMIT ?[0m  [["email", "user1@mail.ru"], ["LIMIT", 1]]
  [1m[36mUser Exists? (0.1ms)[0m  [1m[34mSELECT 1 AS one FROM "users" WHERE "users"."name" = ? LIMIT ?[0m  [["name", "User1"], ["LIMIT", 1]]
  [1m[36mTRANSACTION (0.0ms)[0m  [1m[31mrollback transaction[0m
  Rendering layout layouts/application.html.erb
  Rendering devise/registrations/new.html.erb within layouts/application
  Rendered devise/shared/_error_messages.html.erb (Duration: 0.9ms | Allocations: 465)
  Rendered devise/shared/_links.html.erb (Duration: 0.2ms | Allocations: 96)
  Rendered devise/registrations/new.html.erb within layouts/application (Duration: 4.4ms | Allocations: 2335)
  Rendered layout layouts/application.html.erb (Duration: 18.3ms | Allocations: 5225)
Completed 200 OK in 313ms (Views: 19.1ms | ActiveRecord: 0.5ms | Allocations: 12165)


Started POST "/users" for 127.0.0.1 at 2023-03-29 21:15:00 +0300
Processing by Devise::RegistrationsController#create as TURBO_STREAM
  Parameters: {"authenticity_token"=>"[FILTERED]", "user"=>{"avatar"=>#<ActionDispatch::Http::UploadedFile:0x00007f01f020ae10 @tempfile=#<Tempfile:/tmp/RackMultipart20230329-17495-4kiwed.png>, @original_filename="default-avatar.png", @content_type="image/png", @headers="Content-Disposition: form-data; name=\"user[avatar]\"; filename=\"default-avatar.png\"\r\nContent-Type: image/png\r\n">, "email"=>"user1@mail.ru", "name"=>"User1", "password"=>"[FILTERED]", "password_confirmation"=>"[FILTERED]"}, "commit"=>"Sign up"}
[31mUnpermitted parameter: :password_confirmation. Context: { controller: Devise::RegistrationsController, action: create, request: #<ActionDispatch::Request:0x00007f01f01f8580>, params: {"authenticity_token"=>"[FILTERED]", "user"=>{"avatar"=>#<ActionDispatch::Http::UploadedFile:0x00007f01f020ae10 @tempfile=#<Tempfile:/tmp/RackMultipart20230329-17495-4kiwed.png>, @original_filename="default-avatar.png", @content_type="image/png", @headers="Content-Disposition: form-data; name=\"user[avatar]\"; filename=\"default-avatar.png\"\r\nContent-Type: image/png\r\n">, "email"=>"user1@mail.ru", "name"=>"User1", "password"=>"[FILTERED]", "password_confirmation"=>"[FILTERED]"}, "commit"=>"Sign up", "controller"=>"devise/registrations", "action"=>"create"} }[0m
  [1m[36mTRANSACTION (0.1ms)[0m  [1m[36mbegin transaction[0m
  [1m[36mUser Exists? (0.1ms)[0m  [1m[34mSELECT 1 AS one FROM "users" WHERE "users"."email" = ? LIMIT ?[0m  [["email", "user1@mail.ru"], ["LIMIT", 1]]
  [1m[36mUser Exists? (0.1ms)[0m  [1m[34mSELECT 1 AS one FROM "users" WHERE LOWER("users"."email") = LOWER(?) LIMIT ?[0m  [["email", "user1@mail.ru"], ["LIMIT", 1]]
  [1m[36mUser Exists? (0.1ms)[0m  [1m[34mSELECT 1 AS one FROM "users" WHERE "users"."name" = ? LIMIT ?[0m  [["name", "User1"], ["LIMIT", 1]]
  [1m[36mUser Create (5.9ms)[0m  [1m[32mINSERT INTO "users" ("email", "encrypted_password", "reset_password_token", "reset_password_sent_at", "remember_created_at", "created_at", "updated_at", "name") VALUES (?, ?, ?, ?, ?, ?, ?, ?)[0m  [["email", "user1@mail.ru"], ["encrypted_password", "[FILTERED]"], ["reset_password_token", "[FILTERED]"], ["reset_password_sent_at", "[FILTERED]"], ["remember_created_at", nil], ["created_at", "2023-03-29 18:15:01.319533"], ["updated_at", "2023-03-29 18:15:01.319533"], ["name", "User1"]]
  [1m[36mActiveStorage::Attachment Load (0.2ms)[0m  [1m[34mSELECT "active_storage_attachments".* FROM "active_storage_attachments" WHERE "active_storage_attachments"."record_id" = ? AND "active_storage_attachments"."record_type" = ? AND "active_storage_attachments"."name" = ? LIMIT ?[0m  [["record_id", 1], ["record_type", "User"], ["name", "avatar"], ["LIMIT", 1]]
  [1m[36mActiveStorage::Blob Create (3.5ms)[0m  [1m[32mINSERT INTO "active_storage_blobs" ("key", "filename", "content_type", "metadata", "service_name", "byte_size", "checksum", "created_at") VALUES (?, ?, ?, ?, ?, ?, ?, ?)[0m  [["key", "rkasl3mfwwgsvlx7gvw0jmeoid1b"], ["filename", "default-avatar.png"], ["content_type", "image/jpeg"], ["metadata", "{\"identified\":true}"], ["service_name", "local"], ["byte_size", 11067], ["checksum", "AyA5sERy8NlzZIxLOqyz+Q=="], ["created_at", "2023-03-29 18:15:01.348420"]]
  [1m[36mActiveStorage::Attachment Create (3.3ms)[0m  [1m[32mINSERT INTO "active_storage_attachments" ("name", "record_type", "record_id", "blob_id", "created_at") VALUES (?, ?, ?, ?, ?)[0m  [["name", "avatar"], ["record_type", "User"], ["record_id", 1], ["blob_id", 1], ["created_at", "2023-03-29 18:15:01.356268"]]
  [1m[36mUser Update (8.3ms)[0m  [1m[33mUPDATE "users" SET "updated_at" = ? WHERE "users"."id" = ?[0m  [["updated_at", "2023-03-29 18:15:01.364662"], ["id", 1]]
  [1m[36mTRANSACTION (8.4ms)[0m  [1m[36mcommit transaction[0m
[36m  Disk Storage (1.3ms) [0m[32mUploaded file to key: rkasl3mfwwgsvlx7gvw0jmeoid1b (checksum: AyA5sERy8NlzZIxLOqyz+Q==)[0m
[ActiveJob] Enqueued ActiveStorage::AnalyzeJob (Job ID: 5a46f68c-889f-4c02-bfd1-8b8b04c21c6e) to Async(default) with arguments: #<GlobalID:0x00007f01f0b13fc0 @uri=#<URI::GID gid://insta/ActiveStorage::Blob/1>>
Redirected to http://localhost:3000/users/1
Completed 302 Found in 626ms (ActiveRecord: 30.7ms | Allocations: 72907)


[ActiveJob] [ActiveStorage::AnalyzeJob] [5a46f68c-889f-4c02-bfd1-8b8b04c21c6e]   [1m[36mActiveStorage::Blob Load (0.2ms)[0m  [1m[34mSELECT "active_storage_blobs".* FROM "active_storage_blobs" WHERE "active_storage_blobs"."id" = ? LIMIT ?[0m  [["id", 1], ["LIMIT", 1]]
Started GET "/users/1" for 127.0.0.1 at 2023-03-29 21:15:01 +0300
[ActiveJob] [ActiveStorage::AnalyzeJob] [5a46f68c-889f-4c02-bfd1-8b8b04c21c6e] Performing ActiveStorage::AnalyzeJob (Job ID: 5a46f68c-889f-4c02-bfd1-8b8b04c21c6e) from Async(default) enqueued at 2023-03-29T18:15:01Z with arguments: #<GlobalID:0x00007f01f0b535f8 @uri=#<URI::GID gid://insta/ActiveStorage::Blob/1>>
Processing by UsersController#show as TURBO_STREAM
  Parameters: {"id"=>"1"}
  [1m[36mUser Load (0.2ms)[0m  [1m[34mSELECT "users".* FROM "users" WHERE "users"."id" = ? ORDER BY "users"."id" ASC LIMIT ?[0m  [["id", 1], ["LIMIT", 1]]
  [1m[36mUser Load (0.2ms)[0m  [1m[34mSELECT "users".* FROM "users" WHERE "users"."id" = ? LIMIT ?[0m  [["id", 1], ["LIMIT", 1]]
  ↳ app/controllers/users_controller.rb:9:in `show'
  Rendering layout layouts/application.html.erb
  Rendering users/show.html.erb within layouts/application
  [1m[36mUser Count (0.2ms)[0m  [1m[34mSELECT COUNT(*) FROM "users" INNER JOIN "follows" ON "users"."id" = "follows"."follower_id" WHERE "follows"."followee_id" = ?[0m  [["followee_id", 1]]
  ↳ app/views/users/show.html.erb:2
  [1m[36mUser Count (0.2ms)[0m  [1m[34mSELECT COUNT(*) FROM "users" INNER JOIN "follows" ON "users"."id" = "follows"."followee_id" WHERE "follows"."follower_id" = ?[0m  [["follower_id", 1]]
  ↳ app/views/users/show.html.erb:2
[ActiveJob] [ActiveStorage::AnalyzeJob] [5a46f68c-889f-4c02-bfd1-8b8b04c21c6e] Skipping image analysis because the ruby-vips gem isn't installed
[ActiveJob] [ActiveStorage::AnalyzeJob] [5a46f68c-889f-4c02-bfd1-8b8b04c21c6e]   [1m[36mTRANSACTION (0.1ms)[0m  [1m[36mbegin transaction[0m
[ActiveJob] [ActiveStorage::AnalyzeJob] [5a46f68c-889f-4c02-bfd1-8b8b04c21c6e]   [1m[36mActiveStorage::Blob Update (1.9ms)[0m  [1m[33mUPDATE "active_storage_blobs" SET "metadata" = ? WHERE "active_storage_blobs"."id" = ?[0m  [["metadata", "{\"identified\":true,\"analyzed\":true}"], ["id", 1]]
[ActiveJob] [ActiveStorage::AnalyzeJob] [5a46f68c-889f-4c02-bfd1-8b8b04c21c6e]   [1m[36mTRANSACTION (9.1ms)[0m  [1m[36mcommit transaction[0m
  [1m[36mPost Load (4.6ms)[0m  [1m[34mSELECT "posts".* FROM "posts" WHERE "posts"."user_id" = ? ORDER BY created_at DESC[0m  [["user_id", 1]]
[ActiveJob] [ActiveStorage::AnalyzeJob] [5a46f68c-889f-4c02-bfd1-8b8b04c21c6e] Performed ActiveStorage::AnalyzeJob (Job ID: 5a46f68c-889f-4c02-bfd1-8b8b04c21c6e) from Async(default) in 433.3ms
  ↳ app/views/users/show.html.erb:20
  Rendered users/show.html.erb within layouts/application (Duration: 168.9ms | Allocations: 27289)
  [1m[36mActiveStorage::Attachment Load (0.2ms)[0m  [1m[34mSELECT "active_storage_attachments".* FROM "active_storage_attachments" WHERE "active_storage_attachments"."record_id" = ? AND "active_storage_attachments"."record_type" = ? AND "active_storage_attachments"."name" = ? LIMIT ?[0m  [["record_id", 1], ["record_type", "User"], ["name", "avatar"], ["LIMIT", 1]]
  ↳ app/views/layouts/_header.html.erb:5
  [1m[36mActiveStorage::Blob Load (0.2ms)[0m  [1m[34mSELECT "active_storage_blobs".* FROM "active_storage_blobs" WHERE "active_storage_blobs"."id" = ? LIMIT ?[0m  [["id", 1], ["LIMIT", 1]]
  ↳ app/views/layouts/_header.html.erb:6
  [1m[36mCACHE User Count (0.0ms)[0m  [1m[34mSELECT COUNT(*) FROM "users" INNER JOIN "follows" ON "users"."id" = "follows"."follower_id" WHERE "follows"."followee_id" = ?[0m  [["followee_id", 1]]
  ↳ app/views/layouts/_header.html.erb:10
  [1m[36mCACHE User Count (0.0ms)[0m  [1m[34mSELECT COUNT(*) FROM "users" INNER JOIN "follows" ON "users"."id" = "follows"."followee_id" WHERE "follows"."follower_id" = ?[0m  [["follower_id", 1]]
  ↳ app/views/layouts/_header.html.erb:10
  Rendered layouts/_header.html.erb (Duration: 28.3ms | Allocations: 5883)
  Rendered layout layouts/application.html.erb (Duration: 216.0ms | Allocations: 36396)
Completed 200 OK in 378ms (Views: 228.2ms | ActiveRecord: 6.6ms | Allocations: 58500)


Started GET "/rails/active_storage/blobs/redirect/eyJfcmFpbHMiOnsibWVzc2FnZSI6IkJBaHBCZz09IiwiZXhwIjpudWxsLCJwdXIiOiJibG9iX2lkIn19--26da660c89ce64d79188144a8c9238a45db763e5/default-avatar.png" for 127.0.0.1 at 2023-03-29 21:15:01 +0300
Processing by ActiveStorage::Blobs::RedirectController#show as PNG
  Parameters: {"signed_id"=>"eyJfcmFpbHMiOnsibWVzc2FnZSI6IkJBaHBCZz09IiwiZXhwIjpudWxsLCJwdXIiOiJibG9iX2lkIn19--26da660c89ce64d79188144a8c9238a45db763e5", "filename"=>"default-avatar"}
  [1m[36mActiveStorage::Blob Load (0.1ms)[0m  [1m[34mSELECT "active_storage_blobs".* FROM "active_storage_blobs" WHERE "active_storage_blobs"."id" = ? LIMIT ?[0m  [["id", 1], ["LIMIT", 1]]
[36m  Disk Storage (0.9ms) [0m[34mGenerated URL for file at key: rkasl3mfwwgsvlx7gvw0jmeoid1b (http://localhost:3000/rails/active_storage/disk/eyJfcmFpbHMiOnsibWVzc2FnZSI6IkJBaDdDVG9JYTJWNVNTSWhjbXRoYzJ3emJXWjNkMmR6ZG14NE4yZDJkekJxYldWdmFXUXhZZ1k2QmtWVU9oQmthWE53YjNOcGRHbHZia2tpVDJsdWJHbHVaVHNnWm1sc1pXNWhiV1U5SW1SbFptRjFiSFF0WVhaaGRHRnlMbkJ1WnlJN0lHWnBiR1Z1WVcxbEtqMVZWRVl0T0NjblpHVm1ZWFZzZEMxaGRtRjBZWEl1Y0c1bkJqc0dWRG9SWTI5dWRHVnVkRjkwZVhCbFNTSVBhVzFoWjJVdmFuQmxad1k3QmxRNkVYTmxjblpwWTJWZmJtRnRaVG9LYkc5allXdz0iLCJleHAiOiIyMDIzLTAzLTI5VDE4OjIwOjAyLjExMVoiLCJwdXIiOiJibG9iX2tleSJ9fQ==--5bfc76e56b9693d009355ff81a383170f29d5402/default-avatar.png)[0m
Redirected to http://localhost:3000/rails/active_storage/disk/eyJfcmFpbHMiOnsibWVzc2FnZSI6IkJBaDdDVG9JYTJWNVNTSWhjbXRoYzJ3emJXWjNkMmR6ZG14NE4yZDJkekJxYldWdmFXUXhZZ1k2QmtWVU9oQmthWE53YjNOcGRHbHZia2tpVDJsdWJHbHVaVHNnWm1sc1pXNWhiV1U5SW1SbFptRjFiSFF0WVhaaGRHRnlMbkJ1WnlJN0lHWnBiR1Z1WVcxbEtqMVZWRVl0T0NjblpHVm1ZWFZzZEMxaGRtRjBZWEl1Y0c1bkJqc0dWRG9SWTI5dWRHVnVkRjkwZVhCbFNTSVBhVzFoWjJVdmFuQmxad1k3QmxRNkVYTmxjblpwWTJWZmJtRnRaVG9LYkc5allXdz0iLCJleHAiOiIyMDIzLTAzLTI5VDE4OjIwOjAyLjExMVoiLCJwdXIiOiJibG9iX2tleSJ9fQ==--5bfc76e56b9693d009355ff81a383170f29d5402/default-avatar.png
Completed 302 Found in 32ms (ActiveRecord: 0.1ms | Allocations: 3420)


Started GET "/rails/active_storage/disk/eyJfcmFpbHMiOnsibWVzc2FnZSI6IkJBaDdDVG9JYTJWNVNTSWhjbXRoYzJ3emJXWjNkMmR6ZG14NE4yZDJkekJxYldWdmFXUXhZZ1k2QmtWVU9oQmthWE53YjNOcGRHbHZia2tpVDJsdWJHbHVaVHNnWm1sc1pXNWhiV1U5SW1SbFptRjFiSFF0WVhaaGRHRnlMbkJ1WnlJN0lHWnBiR1Z1WVcxbEtqMVZWRVl0T0NjblpHVm1ZWFZzZEMxaGRtRjBZWEl1Y0c1bkJqc0dWRG9SWTI5dWRHVnVkRjkwZVhCbFNTSVBhVzFoWjJVdmFuQmxad1k3QmxRNkVYTmxjblpwWTJWZmJtRnRaVG9LYkc5allXdz0iLCJleHAiOiIyMDIzLTAzLTI5VDE4OjIwOjAyLjExMVoiLCJwdXIiOiJibG9iX2tleSJ9fQ==--5bfc76e56b9693d009355ff81a383170f29d5402/default-avatar.png" for 127.0.0.1 at 2023-03-29 21:15:02 +0300
Processing by ActiveStorage::DiskController#show as PNG
  Parameters: {"encoded_key"=>"[FILTERED]", "filename"=>"default-avatar"}
Completed 200 OK in 1ms (ActiveRecord: 0.0ms | Allocations: 562)


Started GET "/search?search=&commit=Search" for 127.0.0.1 at 2023-03-29 21:15:06 +0300
Processing by UsersController#search as HTML
  Parameters: {"search"=>"", "commit"=>"Search"}
  [1m[36mUser Load (0.1ms)[0m  [1m[34mSELECT "users".* FROM "users" WHERE "users"."id" = ? ORDER BY "users"."id" ASC LIMIT ?[0m  [["id", 1], ["LIMIT", 1]]
  Rendering layout layouts/application.html.erb
  Rendering users/search.html.erb within layouts/application
  [1m[36mUser Load (0.2ms)[0m  [1m[34mSELECT "users".* FROM "users"[0m
  ↳ app/views/users/search.html.erb:3
  [1m[36mActiveStorage::Attachment Load (0.1ms)[0m  [1m[34mSELECT "active_storage_attachments".* FROM "active_storage_attachments" WHERE "active_storage_attachments"."record_id" = ? AND "active_storage_attachments"."record_type" = ? AND "active_storage_attachments"."name" = ? LIMIT ?[0m  [["record_id", 1], ["record_type", "User"], ["name", "avatar"], ["LIMIT", 1]]
  ↳ app/views/users/search.html.erb:4
  [1m[36mActiveStorage::Blob Load (0.1ms)[0m  [1m[34mSELECT "active_storage_blobs".* FROM "active_storage_blobs" WHERE "active_storage_blobs"."id" = ? LIMIT ?[0m  [["id", 1], ["LIMIT", 1]]
  ↳ app/views/users/search.html.erb:5
  [1m[36mUser Count (0.1ms)[0m  [1m[34mSELECT COUNT(*) FROM "users" INNER JOIN "follows" ON "users"."id" = "follows"."follower_id" WHERE "follows"."followee_id" = ?[0m  [["followee_id", 1]]
  ↳ app/views/users/search.html.erb:10
  [1m[36mUser Count (0.1ms)[0m  [1m[34mSELECT COUNT(*) FROM "users" INNER JOIN "follows" ON "users"."id" = "follows"."followee_id" WHERE "follows"."follower_id" = ?[0m  [["follower_id", 1]]
  ↳ app/views/users/search.html.erb:10
  Rendered users/search.html.erb within layouts/application (Duration: 14.2ms | Allocations: 4590)
  [1m[36mCACHE ActiveStorage::Attachment Load (0.0ms)[0m  [1m[34mSELECT "active_storage_attachments".* FROM "active_storage_attachments" WHERE "active_storage_attachments"."record_id" = ? AND "active_storage_attachments"."record_type" = ? AND "active_storage_attachments"."name" = ? LIMIT ?[0m  [["record_id", 1], ["record_type", "User"], ["name", "avatar"], ["LIMIT", 1]]
  ↳ app/views/layouts/_header.html.erb:5
  [1m[36mCACHE ActiveStorage::Blob Load (0.0ms)[0m  [1m[34mSELECT "active_storage_blobs".* FROM "active_storage_blobs" WHERE "active_storage_blobs"."id" = ? LIMIT ?[0m  [["id", 1], ["LIMIT", 1]]
  ↳ app/views/layouts/_header.html.erb:6
  [1m[36mCACHE User Count (0.0ms)[0m  [1m[34mSELECT COUNT(*) FROM "users" INNER JOIN "follows" ON "users"."id" = "follows"."follower_id" WHERE "follows"."followee_id" = ?[0m  [["followee_id", 1]]
  ↳ app/views/layouts/_header.html.erb:10
  [1m[36mCACHE User Count (0.0ms)[0m  [1m[34mSELECT COUNT(*) FROM "users" INNER JOIN "follows" ON "users"."id" = "follows"."followee_id" WHERE "follows"."follower_id" = ?[0m  [["follower_id", 1]]
  ↳ app/views/layouts/_header.html.erb:10
  Rendered layouts/_header.html.erb (Duration: 11.0ms | Allocations: 3971)
  Rendered layout layouts/application.html.erb (Duration: 39.7ms | Allocations: 11600)
Completed 200 OK in 44ms (Views: 40.2ms | ActiveRecord: 0.8ms | Allocations: 13332)


Started GET "/" for 127.0.0.1 at 2023-03-29 21:15:09 +0300
Processing by PostsController#index as HTML
  [1m[36mUser Load (0.1ms)[0m  [1m[34mSELECT "users".* FROM "users" WHERE "users"."id" = ? ORDER BY "users"."id" ASC LIMIT ?[0m  [["id", 1], ["LIMIT", 1]]
  Rendering layout layouts/application.html.erb
  Rendering posts/index.html.erb within layouts/application
  [1m[36mPost Load (0.2ms)[0m  [1m[34mSELECT "posts".* FROM "posts" WHERE "posts"."user_id" IN (SELECT "users"."id" FROM "users" INNER JOIN "follows" ON "users"."id" = "follows"."followee_id" WHERE "follows"."follower_id" = ?) ORDER BY created_at DESC[0m  [["follower_id", 1]]
  ↳ app/views/posts/index.html.erb:11
  Rendered posts/index.html.erb within layouts/application (Duration: 5.7ms | Allocations: 1251)
  [1m[36mActiveStorage::Attachment Load (0.1ms)[0m  [1m[34mSELECT "active_storage_attachments".* FROM "active_storage_attachments" WHERE "active_storage_attachments"."record_id" = ? AND "active_storage_attachments"."record_type" = ? AND "active_storage_attachments"."name" = ? LIMIT ?[0m  [["record_id", 1], ["record_type", "User"], ["name", "avatar"], ["LIMIT", 1]]
  ↳ app/views/layouts/_header.html.erb:5
  [1m[36mActiveStorage::Blob Load (0.1ms)[0m  [1m[34mSELECT "active_storage_blobs".* FROM "active_storage_blobs" WHERE "active_storage_blobs"."id" = ? LIMIT ?[0m  [["id", 1], ["LIMIT", 1]]
  ↳ app/views/layouts/_header.html.erb:6
  [1m[36mUser Count (0.1ms)[0m  [1m[34mSELECT COUNT(*) FROM "users" INNER JOIN "follows" ON "users"."id" = "follows"."follower_id" WHERE "follows"."followee_id" = ?[0m  [["followee_id", 1]]
  ↳ app/views/layouts/_header.html.erb:10
  [1m[36mUser Count (0.1ms)[0m  [1m[34mSELECT COUNT(*) FROM "users" INNER JOIN "follows" ON "users"."id" = "follows"."followee_id" WHERE "follows"."follower_id" = ?[0m  [["follower_id", 1]]
  ↳ app/views/layouts/_header.html.erb:10
  Rendered layouts/_header.html.erb (Duration: 22.0ms | Allocations: 4144)
  Rendered layout layouts/application.html.erb (Duration: 32.8ms | Allocations: 8483)
Completed 200 OK in 46ms (Views: 38.6ms | ActiveRecord: 0.7ms | Allocations: 11050)


Started GET "/posts/new" for 127.0.0.1 at 2023-03-29 21:15:13 +0300
Processing by PostsController#new as HTML
  [1m[36mUser Load (0.1ms)[0m  [1m[34mSELECT "users".* FROM "users" WHERE "users"."id" = ? ORDER BY "users"."id" ASC LIMIT ?[0m  [["id", 1], ["LIMIT", 1]]
  Rendering layout layouts/application.html.erb
  Rendering posts/new.html.erb within layouts/application
  Rendered posts/new.html.erb within layouts/application (Duration: 99.2ms | Allocations: 1760)
  [1m[36mActiveStorage::Attachment Load (0.1ms)[0m  [1m[34mSELECT "active_storage_attachments".* FROM "active_storage_attachments" WHERE "active_storage_attachments"."record_id" = ? AND "active_storage_attachments"."record_type" = ? AND "active_storage_attachments"."name" = ? LIMIT ?[0m  [["record_id", 1], ["record_type", "User"], ["name", "avatar"], ["LIMIT", 1]]
  ↳ app/views/layouts/_header.html.erb:5
  [1m[36mActiveStorage::Blob Load (0.1ms)[0m  [1m[34mSELECT "active_storage_blobs".* FROM "active_storage_blobs" WHERE "active_storage_blobs"."id" = ? LIMIT ?[0m  [["id", 1], ["LIMIT", 1]]
  ↳ app/views/layouts/_header.html.erb:6
  [1m[36mUser Count (0.2ms)[0m  [1m[34mSELECT COUNT(*) FROM "users" INNER JOIN "follows" ON "users"."id" = "follows"."follower_id" WHERE "follows"."followee_id" = ?[0m  [["followee_id", 1]]
  ↳ app/views/layouts/_header.html.erb:10
  [1m[36mUser Count (0.1ms)[0m  [1m[34mSELECT COUNT(*) FROM "users" INNER JOIN "follows" ON "users"."id" = "follows"."followee_id" WHERE "follows"."follower_id" = ?[0m  [["follower_id", 1]]
  ↳ app/views/layouts/_header.html.erb:10
  Rendered layouts/_header.html.erb (Duration: 29.7ms | Allocations: 4392)
  Rendered layout layouts/application.html.erb (Duration: 134.4ms | Allocations: 9145)
Completed 200 OK in 162ms (Views: 134.9ms | ActiveRecord: 0.9ms | Allocations: 25444)


